# Library ./ODEmodel11S26P4U.so loaded.
# Solver for ./ODEmodel11S26P4U.so created.
# reading configuration.
# [cfg] {sample_size} ← {1000}
# [cfg] {step_size} ← {0.001}
# [cfg] {acceptance} ← {0.50}
# [cfg] {t0} ← {-72}
# t0 = -72
# [cfg] {C} ← {4}
# 4 experiment structures allocated.
# measurement time(s) read.
# reference input read.
# input read.
# reference data read.
# standard deviation of reference data read.
# data read.
# standard deviation of data read.
# prior mean read.
# prior inverse covariance matrix read.
# EOF
# calculating relative data.
# normalisation type: 1.
# taking ratios of Data and Refrence Data...done.
# temporary Data matrices free.....done.
# configuration read.
# init ivp: t0=-72
# solver initialised.
# sensitivity analysis initiated.
# allocating memory for the SMMALA model.
# allocating memory for a new SMMALA MCMC kernel.
# initializing MCMC.
[Normalised Data] 20 × 6 elements
0	0	0	0	0	0	
1.13724	0	0.770732	0.765597	0	0	
3.53389	1.41641	0.896748	0.627897	1.40334	0.947332	
5.44686	1.38697	0.91355	0.663324	0	0	
3.56904	1.23666	0.781843	0.688725	0	0	
0	1.09144	0	0	0	0	
0	0	0	0	0	0	
0	1.16719	0	0	1.52568	1.13332	
0	1.54984	0	0	0	0	
0	0	0	0	0	0	
0	0	2.36992	0	0	0	
0	0	0	0	0	0	
0	0	4.2393	0	0	0	
0	0	15.7916	0	0	0	
0	0	0	0	0	0	
0	0	0	0	2.80476	0	
0	0	0	0	0	0	
0	0	0	0	3.89381	0	
0	0	0	0	10.8932	0	
0	0	0	0	0	0	
[/Normalised Data]
[standard deviation] 20 × 6 elements
inf	inf	inf	inf	inf	inf	
1.68856	inf	0.473139	0.388162	inf	inf	
3.17669	0.873223	0.498479	0.365396	0.202105	0.326251	
4.3645	0.864651	0.501858	0.371254	inf	inf	
3.19852	0.820879	0.475373	0.375453	inf	inf	
inf	0.6844	inf	inf	inf	inf	
inf	inf	inf	inf	inf	inf	
inf	0.706458	inf	inf	0.188492	0.308522	
inf	0.81789	inf	inf	inf	inf	
inf	inf	inf	inf	inf	inf	
inf	inf	1.47791	inf	inf	inf	
inf	inf	inf	inf	inf	inf	
inf	inf	1.85381	inf	inf	inf	
inf	inf	4.17679	inf	inf	inf	
inf	inf	inf	inf	inf	inf	
inf	inf	inf	inf	1.70022	inf	
inf	inf	inf	inf	inf	inf	
inf	inf	inf	inf	1.77394	inf	
inf	inf	inf	inf	2.24776	inf	
inf	inf	inf	inf	inf	inf	
[/standard deviation]
[likelihood] start (normalisation type: 1).
<>/n