Warning: matrix not positive definite in smmala_sample.
 Will replace matrix with I (gsl_matrix_set_identity).
Warning: matrix not positive definite in smmala_sample.
 Will replace matrix with I (gsl_matrix_set_identity).
Warning: matrix not positive definite in smmala_sample.
 Will replace matrix with I (gsl_matrix_set_identity).
Warning: matrix not positive definite in smmala_sample.
 Will replace matrix with I (gsl_matrix_set_identity).
Warning: matrix not positive definite in smmala_sample.
 Will replace matrix with I (gsl_matrix_set_identity).

[CVODES ERROR]  CVode
  At t = 0.917273, mxstep steps taken before reaching tout.

ODE solver failed with ERROR = -1.

[CVODES ERROR]  CVode
  At t = 0.989083, mxstep steps taken before reaching tout.

ODE solver failed with ERROR = -1.

[CVODES ERROR]  CVode
  At t = 0.899512, mxstep steps taken before reaching tout.

ODE solver failed with ERROR = -1.

[CVODES ERROR]  CVode
  At t = 0.854456, mxstep steps taken before reaching tout.

ODE solver failed with ERROR = -1.

[CVODES ERROR]  CVode
  At t = 0.898249, mxstep steps taken before reaching tout.

ODE solver failed with ERROR = -1.

[CVODES ERROR]  CVode
  At t = 0.975203, mxstep steps taken before reaching tout.

ODE solver failed with ERROR = -1.

[CVODES ERROR]  CVode
  At t = 0.939935, mxstep steps taken before reaching tout.

ODE solver failed with ERROR = -1.
Warning: matrix not positive definite in smmala_sample.
 Will replace matrix with I (gsl_matrix_set_identity).
